# JRE version: Java(TM) SE Runtime Environment (8.0_144-b01) (build 1.8.0_144-b01)
# Java VM: Java HotSpot(TM) 64-Bit Server VM (25.144-b01 mixed mode windows-amd64 compressed oops)
Heap:
 PSYoungGen      total 56320K, used 20464K [0x00000000e0700000, 0x00000000e4600000, 0x0000000100000000)
  eden space 49152K, 30% used [0x00000000e0700000,0x00000000e15d2438,0x00000000e3700000)
  from space 7168K, 73% used [0x00000000e3f00000,0x00000000e4429d28,0x00000000e4600000)
  to   space 7680K, 0% used [0x00000000e3700000,0x00000000e3700000,0x00000000e3e80000)
 ParOldGen       total 43008K, used 7712K [0x00000000a1400000, 0x00000000a3e00000, 0x00000000e0700000)
  object space 43008K, 17% used [0x00000000a1400000,0x00000000a1b88360,0x00000000a3e00000)
 Metaspace       used 25488K, capacity 26542K, committed 26752K, reserved 1077248K
  class space    used 3443K, capacity 3705K, committed 3712K, reserved 1048576K
GC Heap History (10 events):
Event: 5.029 GC heap before
{Heap before GC invocations=5 (full 0):
 PSYoungGen      total 28672K, used 28666K [0x00000000e0700000, 0x00000000e3f00000, 0x0000000100000000)
  eden space 24576K, 100% used [0x00000000e0700000,0x00000000e1f00000,0x00000000e1f00000)
  from space 4096K, 99% used [0x00000000e2300000,0x00000000e26fea88,0x00000000e2700000)
  to   space 4096K, 0% used [0x00000000e1f00000,0x00000000e1f00000,0x00000000e2300000)
 ParOldGen       total 65536K, used 4485K [0x00000000a1400000, 0x00000000a5400000, 0x00000000e0700000)
  object space 65536K, 6% used [0x00000000a1400000,0x00000000a1861788,0x00000000a5400000)
 Metaspace       used 19027K, capacity 19588K, committed 19840K, reserved 1067008K
  class space    used 2443K, capacity 2608K, committed 2688K, reserved 1048576K
Event: 5.051 GC heap after
Heap after GC invocations=5 (full 0):
 PSYoungGen      total 28672K, used 4074K [0x00000000e0700000, 0x00000000e4700000, 0x0000000100000000)
  eden space 24576K, 0% used [0x00000000e0700000,0x00000000e0700000,0x00000000e1f00000)
  from space 4096K, 99% used [0x00000000e1f00000,0x00000000e22faa98,0x00000000e2300000)
  to   space 8192K, 0% used [0x00000000e3f00000,0x00000000e3f00000,0x00000000e4700000)
 ParOldGen       total 65536K, used 7232K [0x00000000a1400000, 0x00000000a5400000, 0x00000000e0700000)
  object space 65536K, 11% used [0x00000000a1400000,0x00000000a1b10208,0x00000000a5400000)
 Metaspace       used 19027K, capacity 19588K, committed 19840K, reserved 1067008K
  class space    used 2443K, capacity 2608K, committed 2688K, reserved 1048576K
}
Event: 9.067 GC heap before
{Heap before GC invocations=6 (full 0):
 PSYoungGen      total 28672K, used 27003K [0x00000000e0700000, 0x00000000e4700000, 0x0000000100000000)
  eden space 24576K, 93% used [0x00000000e0700000,0x00000000e1d64410,0x00000000e1f00000)
  from space 4096K, 99% used [0x00000000e1f00000,0x00000000e22faa98,0x00000000e2300000)
  to   space 8192K, 0% used [0x00000000e3f00000,0x00000000e3f00000,0x00000000e4700000)
 ParOldGen       total 65536K, used 7232K [0x00000000a1400000, 0x00000000a5400000, 0x00000000e0700000)
  object space 65536K, 11% used [0x00000000a1400000,0x00000000a1b10208,0x00000000a5400000)
 Metaspace       used 20609K, capacity 21248K, committed 21296K, reserved 1067008K
  class space    used 2711K, capacity 2906K, committed 2944K, reserved 1048576K
Event: 9.111 GC heap after
Heap after GC invocations=6 (full 0):
 PSYoungGen      total 56320K, used 5817K [0x00000000e0700000, 0x00000000e4600000, 0x0000000100000000)
  eden space 49152K, 0% used [0x00000000e0700000,0x00000000e0700000,0x00000000e3700000)
  from space 7168K, 81% used [0x00000000e3f00000,0x00000000e44ae608,0x00000000e4600000)
  to   space 7680K, 0% used [0x00000000e3700000,0x00000000e3700000,0x00000000e3e80000)
 ParOldGen       total 65536K, used 7240K [0x00000000a1400000, 0x00000000a5400000, 0x00000000e0700000)
  object space 65536K, 11% used [0x00000000a1400000,0x00000000a1b12208,0x00000000a5400000)
 Metaspace       used 20609K, capacity 21248K, committed 21296K, reserved 1067008K
  class space    used 2711K, capacity 2906K, committed 2944K, reserved 1048576K
}
Event: 9.111 GC heap before
{Heap before GC invocations=7 (full 1):
 PSYoungGen      total 56320K, used 5817K [0x00000000e0700000, 0x00000000e4600000, 0x0000000100000000)
  eden space 49152K, 0% used [0x00000000e0700000,0x00000000e0700000,0x00000000e3700000)
  from space 7168K, 81% used [0x00000000e3f00000,0x00000000e44ae608,0x00000000e4600000)
  to   space 7680K, 0% used [0x00000000e3700000,0x00000000e3700000,0x00000000e3e80000)
 ParOldGen       total 65536K, used 7240K [0x00000000a1400000, 0x00000000a5400000, 0x00000000e0700000)
  object space 65536K, 11% used [0x00000000a1400000,0x00000000a1b12208,0x00000000a5400000)
 Metaspace       used 20609K, capacity 21248K, committed 21296K, reserved 1067008K
  class space    used 2711K, capacity 2906K, committed 2944K, reserved 1048576K
Event: 9.173 GC heap after
Heap after GC invocations=7 (full 1):
 PSYoungGen      total 56320K, used 0K [0x00000000e0700000, 0x00000000e4600000, 0x0000000100000000)
  eden space 49152K, 0% used [0x00000000e0700000,0x00000000e0700000,0x00000000e3700000)
  from space 7168K, 0% used [0x00000000e3f00000,0x00000000e3f00000,0x00000000e4600000)
  to   space 7680K, 0% used [0x00000000e3700000,0x00000000e3700000,0x00000000e3e80000)
 ParOldGen       total 43008K, used 7696K [0x00000000a1400000, 0x00000000a3e00000, 0x00000000e0700000)
  object space 43008K, 17% used [0x00000000a1400000,0x00000000a1b84360,0x00000000a3e00000)
 Metaspace       used 20607K, capacity 21242K, committed 21296K, reserved 1067008K
  class space    used 2711K, capacity 2905K, committed 2944K, reserved 1048576K
}
Event: 12.941 GC heap before
{Heap before GC invocations=8 (full 1):
 PSYoungGen      total 56320K, used 49152K [0x00000000e0700000, 0x00000000e4600000, 0x0000000100000000)
  eden space 49152K, 100% used [0x00000000e0700000,0x00000000e3700000,0x00000000e3700000)
  from space 7168K, 0% used [0x00000000e3f00000,0x00000000e3f00000,0x00000000e4600000)
  to   space 7680K, 0% used [0x00000000e3700000,0x00000000e3700000,0x00000000e3e80000)
 ParOldGen       total 43008K, used 7696K [0x00000000a1400000, 0x00000000a3e00000, 0x00000000e0700000)
  object space 43008K, 17% used [0x00000000a1400000,0x00000000a1b84360,0x00000000a3e00000)
 Metaspace       used 23390K, capacity 24294K, committed 24448K, reserved 1073152K
  class space    used 3131K, capacity 3345K, committed 3456K, reserved 1048576K
Event: 12.968 GC heap after
Heap after GC invocations=8 (full 1):
 PSYoungGen      total 56832K, used 3916K [0x00000000e0700000, 0x00000000e4600000, 0x0000000100000000)
  eden space 49152K, 0% used [0x00000000e0700000,0x00000000e0700000,0x00000000e3700000)
  from space 7680K, 50% used [0x00000000e3700000,0x00000000e3ad30a0,0x00000000e3e80000)
  to   space 7168K, 0% used [0x00000000e3f00000,0x00000000e3f00000,0x00000000e4600000)
 ParOldGen       total 43008K, used 7704K [0x00000000a1400000, 0x00000000a3e00000, 0x00000000e0700000)
  object space 43008K, 17% used [0x00000000a1400000,0x00000000a1b86360,0x00000000a3e00000)
 Metaspace       used 23390K, capacity 24294K, committed 24448K, reserved 1073152K
  class space    used 3131K, capacity 3345K, committed 3456K, reserved 1048576K
}
Event: 17.124 GC heap before
{Heap before GC invocations=9 (full 1):
 PSYoungGen      total 56832K, used 53068K [0x00000000e0700000, 0x00000000e4600000, 0x0000000100000000)
  eden space 49152K, 100% used [0x00000000e0700000,0x00000000e3700000,0x00000000e3700000)
  from space 7680K, 50% used [0x00000000e3700000,0x00000000e3ad30a0,0x00000000e3e80000)
  to   space 7168K, 0% used [0x00000000e3f00000,0x00000000e3f00000,0x00000000e4600000)
 ParOldGen       total 43008K, used 7704K [0x00000000a1400000, 0x00000000a3e00000, 0x00000000e0700000)
  object space 43008K, 17% used [0x00000000a1400000,0x00000000a1b86360,0x00000000a3e00000)
 Metaspace       used 25300K, capacity 26340K, committed 26496K, reserved 1075200K
  class space    used 3408K, capacity 3666K, committed 3712K, reserved 1048576K
Event: 17.137 GC heap after
Heap after GC invocations=9 (full 1):
 PSYoungGen      total 56320K, used 5287K [0x00000000e0700000, 0x00000000e4600000, 0x0000000100000000)
  eden space 49152K, 0% used [0x00000000e0700000,0x00000000e0700000,0x00000000e3700000)
  from space 7168K, 73% used [0x00000000e3f00000,0x00000000e4429d28,0x00000000e4600000)
  to   space 7680K, 0% used [0x00000000e3700000,0x00000000e3700000,0x00000000e3e80000)
 ParOldGen       total 43008K, used 7712K [0x00000000a1400000, 0x00000000a3e00000, 0x00000000e0700000)
  object space 43008K, 17% used [0x00000000a1400000,0x00000000a1b88360,0x00000000a3e00000)
 Metaspace       used 25300K, capacity 26340K, committed 26496K, reserved 1075200K
  class space    used 3408K, capacity 3666K, committed 3712K, reserved 1048576K
}

